2020-01-10 23:50:22,810 - RL ABR SERVER 0 - INFO - Running with arguments passed experiments_result/log_RL_2.2Mbps_0
2020-01-10 23:50:25,186 - RL ABR SERVER 0 - INFO - Model restored.
2020-01-10 23:50:25,187 - RL ABR SERVER 0 - INFO - Listening on port 
2020-01-10 23:50:26,230 - RL ABR SERVER 0 - INFO - Rebuffer time 1773.0
2020-01-10 23:50:26,230 - RL ABR SERVER 0 - INFO - Retrieve action probability
2020-01-10 23:50:26,353 - RL ABR SERVER 0 - INFO - Quality selected: 0
2020-01-10 23:50:27,006 - RL ABR SERVER 0 - INFO - Rebuffer time 0.0
2020-01-10 23:50:27,006 - RL ABR SERVER 0 - INFO - Retrieve action probability
2020-01-10 23:50:27,009 - RL ABR SERVER 0 - INFO - Quality selected: 1
2020-01-10 23:50:28,493 - RL ABR SERVER 0 - INFO - Rebuffer time 0.0
2020-01-10 23:50:28,494 - RL ABR SERVER 0 - INFO - Retrieve action probability
2020-01-10 23:50:28,496 - RL ABR SERVER 0 - INFO - Quality selected: 1
2020-01-10 23:50:30,096 - RL ABR SERVER 0 - INFO - Rebuffer time 0.0
2020-01-10 23:50:30,097 - RL ABR SERVER 0 - INFO - Retrieve action probability
2020-01-10 23:50:30,099 - RL ABR SERVER 0 - INFO - Quality selected: 1
2020-01-10 23:50:31,815 - RL ABR SERVER 0 - INFO - Rebuffer time 0.0
2020-01-10 23:50:31,816 - RL ABR SERVER 0 - INFO - Retrieve action probability
2020-01-10 23:50:31,819 - RL ABR SERVER 0 - INFO - Quality selected: 1
2020-01-10 23:50:33,166 - RL ABR SERVER 0 - INFO - Rebuffer time 0.0
2020-01-10 23:50:33,168 - RL ABR SERVER 0 - INFO - Retrieve action probability
2020-01-10 23:50:33,170 - RL ABR SERVER 0 - INFO - Quality selected: 1
2020-01-10 23:50:34,654 - RL ABR SERVER 0 - INFO - Rebuffer time 0.0
2020-01-10 23:50:34,655 - RL ABR SERVER 0 - INFO - Retrieve action probability
2020-01-10 23:50:34,658 - RL ABR SERVER 0 - INFO - Quality selected: 3
2020-01-10 23:50:38,968 - RL ABR SERVER 0 - INFO - Rebuffer time 0.0
2020-01-10 23:50:38,970 - RL ABR SERVER 0 - INFO - Retrieve action probability
2020-01-10 23:50:38,972 - RL ABR SERVER 0 - INFO - Quality selected: 3
2020-01-10 23:50:42,438 - RL ABR SERVER 0 - INFO - Rebuffer time 0.0
2020-01-10 23:50:42,439 - RL ABR SERVER 0 - INFO - Retrieve action probability
2020-01-10 23:50:42,441 - RL ABR SERVER 0 - INFO - Quality selected: 3
2020-01-10 23:50:46,152 - RL ABR SERVER 0 - INFO - Rebuffer time 0.0
2020-01-10 23:50:46,152 - RL ABR SERVER 0 - INFO - Retrieve action probability
2020-01-10 23:50:46,154 - RL ABR SERVER 0 - INFO - Quality selected: 3
2020-01-10 23:50:49,968 - RL ABR SERVER 0 - INFO - Rebuffer time 0.0
2020-01-10 23:50:49,969 - RL ABR SERVER 0 - INFO - Retrieve action probability
2020-01-10 23:50:49,972 - RL ABR SERVER 0 - INFO - Quality selected: 3
2020-01-10 23:50:53,688 - RL ABR SERVER 0 - INFO - Rebuffer time 0.0
2020-01-10 23:50:53,689 - RL ABR SERVER 0 - INFO - Retrieve action probability
2020-01-10 23:50:53,691 - RL ABR SERVER 0 - INFO - Quality selected: 3
2020-01-10 23:50:57,532 - RL ABR SERVER 0 - INFO - Rebuffer time 0.0
2020-01-10 23:50:57,533 - RL ABR SERVER 0 - INFO - Retrieve action probability
2020-01-10 23:50:57,535 - RL ABR SERVER 0 - INFO - Quality selected: 3
2020-01-10 23:51:01,731 - RL ABR SERVER 0 - INFO - Rebuffer time 0.0
2020-01-10 23:51:01,732 - RL ABR SERVER 0 - INFO - Retrieve action probability
2020-01-10 23:51:01,735 - RL ABR SERVER 0 - INFO - Quality selected: 3
2020-01-10 23:51:05,078 - RL ABR SERVER 0 - INFO - Rebuffer time 0.0
2020-01-10 23:51:05,079 - RL ABR SERVER 0 - INFO - Retrieve action probability
2020-01-10 23:51:05,081 - RL ABR SERVER 0 - INFO - Quality selected: 3
2020-01-10 23:51:08,828 - RL ABR SERVER 0 - INFO - Rebuffer time 0.0
2020-01-10 23:51:08,829 - RL ABR SERVER 0 - INFO - Retrieve action probability
2020-01-10 23:51:08,832 - RL ABR SERVER 0 - INFO - Quality selected: 3
2020-01-10 23:51:12,752 - RL ABR SERVER 0 - INFO - Rebuffer time 0.0
2020-01-10 23:51:12,753 - RL ABR SERVER 0 - INFO - Retrieve action probability
2020-01-10 23:51:12,755 - RL ABR SERVER 0 - INFO - Quality selected: 3
2020-01-10 23:51:16,353 - RL ABR SERVER 0 - INFO - Rebuffer time 0.0
2020-01-10 23:51:16,354 - RL ABR SERVER 0 - INFO - Retrieve action probability
2020-01-10 23:51:16,356 - RL ABR SERVER 0 - INFO - Quality selected: 3
2020-01-10 23:51:20,359 - RL ABR SERVER 0 - INFO - Rebuffer time 0.0
2020-01-10 23:51:20,360 - RL ABR SERVER 0 - INFO - Retrieve action probability
2020-01-10 23:51:20,362 - RL ABR SERVER 0 - INFO - Quality selected: 3
2020-01-10 23:51:24,112 - RL ABR SERVER 0 - INFO - Rebuffer time 0.0
2020-01-10 23:51:24,112 - RL ABR SERVER 0 - INFO - Retrieve action probability
2020-01-10 23:51:24,114 - RL ABR SERVER 0 - INFO - Quality selected: 3
2020-01-10 23:51:27,730 - RL ABR SERVER 0 - INFO - Rebuffer time 0.0
2020-01-10 23:51:27,732 - RL ABR SERVER 0 - INFO - Retrieve action probability
2020-01-10 23:51:27,735 - RL ABR SERVER 0 - INFO - Quality selected: 3
2020-01-10 23:51:31,608 - RL ABR SERVER 0 - INFO - Rebuffer time 0.0
2020-01-10 23:51:31,609 - RL ABR SERVER 0 - INFO - Retrieve action probability
2020-01-10 23:51:31,612 - RL ABR SERVER 0 - INFO - Quality selected: 3
2020-01-10 23:51:35,538 - RL ABR SERVER 0 - INFO - Rebuffer time 0.0
2020-01-10 23:51:35,539 - RL ABR SERVER 0 - INFO - Retrieve action probability
2020-01-10 23:51:35,542 - RL ABR SERVER 0 - INFO - Quality selected: 3
2020-01-10 23:51:39,094 - RL ABR SERVER 0 - INFO - Rebuffer time 0.0
2020-01-10 23:51:39,095 - RL ABR SERVER 0 - INFO - Retrieve action probability
2020-01-10 23:51:39,097 - RL ABR SERVER 0 - INFO - Quality selected: 3
2020-01-10 23:51:42,745 - RL ABR SERVER 0 - INFO - Rebuffer time 0.0
2020-01-10 23:51:42,746 - RL ABR SERVER 0 - INFO - Retrieve action probability
2020-01-10 23:51:42,748 - RL ABR SERVER 0 - INFO - Quality selected: 3
2020-01-10 23:51:46,428 - RL ABR SERVER 0 - INFO - Rebuffer time 0.0
2020-01-10 23:51:46,428 - RL ABR SERVER 0 - INFO - Retrieve action probability
2020-01-10 23:51:46,430 - RL ABR SERVER 0 - INFO - Quality selected: 3
2020-01-10 23:51:50,787 - RL ABR SERVER 0 - INFO - Rebuffer time 0.0
2020-01-10 23:51:50,788 - RL ABR SERVER 0 - INFO - Retrieve action probability
2020-01-10 23:51:50,791 - RL ABR SERVER 0 - INFO - Quality selected: 3
2020-01-10 23:51:53,885 - RL ABR SERVER 0 - INFO - Rebuffer time 0.0
2020-01-10 23:51:53,885 - RL ABR SERVER 0 - INFO - Retrieve action probability
2020-01-10 23:51:53,887 - RL ABR SERVER 0 - INFO - Quality selected: 3
2020-01-10 23:51:57,833 - RL ABR SERVER 0 - INFO - Rebuffer time 0.0
2020-01-10 23:51:57,834 - RL ABR SERVER 0 - INFO - Retrieve action probability
2020-01-10 23:51:57,836 - RL ABR SERVER 0 - INFO - Quality selected: 3
2020-01-10 23:52:01,786 - RL ABR SERVER 0 - INFO - Rebuffer time 0.0
2020-01-10 23:52:01,786 - RL ABR SERVER 0 - INFO - Retrieve action probability
2020-01-10 23:52:01,788 - RL ABR SERVER 0 - INFO - Quality selected: 3
2020-01-10 23:52:05,339 - RL ABR SERVER 0 - INFO - Rebuffer time 0.0
2020-01-10 23:52:05,341 - RL ABR SERVER 0 - INFO - Retrieve action probability
2020-01-10 23:52:05,343 - RL ABR SERVER 0 - INFO - Quality selected: 3
2020-01-10 23:52:09,215 - RL ABR SERVER 0 - INFO - Rebuffer time 0.0
2020-01-10 23:52:09,216 - RL ABR SERVER 0 - INFO - Retrieve action probability
2020-01-10 23:52:09,219 - RL ABR SERVER 0 - INFO - Quality selected: 3
2020-01-10 23:52:12,816 - RL ABR SERVER 0 - INFO - Rebuffer time 0.0
2020-01-10 23:52:12,817 - RL ABR SERVER 0 - INFO - Retrieve action probability
2020-01-10 23:52:12,820 - RL ABR SERVER 0 - INFO - Quality selected: 3
2020-01-10 23:52:17,012 - RL ABR SERVER 0 - INFO - Rebuffer time 0.0
2020-01-10 23:52:17,013 - RL ABR SERVER 0 - INFO - Retrieve action probability
2020-01-10 23:52:17,015 - RL ABR SERVER 0 - INFO - Quality selected: 3
2020-01-10 23:52:21,172 - RL ABR SERVER 0 - INFO - Rebuffer time 0.0
2020-01-10 23:52:21,174 - RL ABR SERVER 0 - INFO - Retrieve action probability
2020-01-10 23:52:21,176 - RL ABR SERVER 0 - INFO - Quality selected: 3
2020-01-10 23:52:25,011 - RL ABR SERVER 0 - INFO - Rebuffer time 0.0
2020-01-10 23:52:25,012 - RL ABR SERVER 0 - INFO - Retrieve action probability
2020-01-10 23:52:25,014 - RL ABR SERVER 0 - INFO - Quality selected: 3
2020-01-10 23:52:27,993 - RL ABR SERVER 0 - INFO - Rebuffer time 0.0
2020-01-10 23:52:27,994 - RL ABR SERVER 0 - INFO - Retrieve action probability
2020-01-10 23:52:27,996 - RL ABR SERVER 0 - INFO - Quality selected: 3
2020-01-10 23:52:31,806 - RL ABR SERVER 0 - INFO - Rebuffer time 0.0
2020-01-10 23:52:31,807 - RL ABR SERVER 0 - INFO - Retrieve action probability
2020-01-10 23:52:31,809 - RL ABR SERVER 0 - INFO - Quality selected: 3
2020-01-10 23:52:35,495 - RL ABR SERVER 0 - INFO - Rebuffer time 0.0
2020-01-10 23:52:35,496 - RL ABR SERVER 0 - INFO - Retrieve action probability
2020-01-10 23:52:35,498 - RL ABR SERVER 0 - INFO - Quality selected: 3
2020-01-10 23:52:39,276 - RL ABR SERVER 0 - INFO - Rebuffer time 0.0
2020-01-10 23:52:39,277 - RL ABR SERVER 0 - INFO - Retrieve action probability
2020-01-10 23:52:39,279 - RL ABR SERVER 0 - INFO - Quality selected: 3
2020-01-10 23:52:42,774 - RL ABR SERVER 0 - INFO - Rebuffer time 0.0
2020-01-10 23:52:42,775 - RL ABR SERVER 0 - INFO - Retrieve action probability
2020-01-10 23:52:42,778 - RL ABR SERVER 0 - INFO - Quality selected: 3
2020-01-10 23:52:46,930 - RL ABR SERVER 0 - INFO - Rebuffer time 0.0
2020-01-10 23:52:46,932 - RL ABR SERVER 0 - INFO - Retrieve action probability
2020-01-10 23:52:46,935 - RL ABR SERVER 0 - INFO - Quality selected: 3
2020-01-10 23:52:50,537 - RL ABR SERVER 0 - INFO - Rebuffer time 0.0
2020-01-10 23:52:50,539 - RL ABR SERVER 0 - INFO - Retrieve action probability
2020-01-10 23:52:50,541 - RL ABR SERVER 0 - INFO - Quality selected: 3
2020-01-10 23:52:54,492 - RL ABR SERVER 0 - INFO - Rebuffer time 0.0
2020-01-10 23:52:54,493 - RL ABR SERVER 0 - INFO - Retrieve action probability
2020-01-10 23:52:54,496 - RL ABR SERVER 0 - INFO - Quality selected: 3
2020-01-10 23:52:58,387 - RL ABR SERVER 0 - INFO - Rebuffer time 0.0
2020-01-10 23:52:58,388 - RL ABR SERVER 0 - INFO - Retrieve action probability
2020-01-10 23:52:58,389 - RL ABR SERVER 0 - INFO - Quality selected: 3
2020-01-10 23:53:02,372 - RL ABR SERVER 0 - INFO - Rebuffer time 0.0
2020-01-10 23:53:02,374 - RL ABR SERVER 0 - INFO - Retrieve action probability
2020-01-10 23:53:02,376 - RL ABR SERVER 0 - INFO - Quality selected: 3
2020-01-10 23:53:05,759 - RL ABR SERVER 0 - INFO - Rebuffer time 0.0
2020-01-10 23:53:05,761 - RL ABR SERVER 0 - INFO - Retrieve action probability
2020-01-10 23:53:05,763 - RL ABR SERVER 0 - INFO - Quality selected: 3
2020-01-10 23:53:09,202 - RL ABR SERVER 0 - INFO - Rebuffer time 0.0
2020-01-10 23:53:09,202 - RL ABR SERVER 0 - INFO - Retrieve action probability
2020-01-10 23:53:09,204 - RL ABR SERVER 0 - INFO - Quality selected: 3
2020-01-10 23:53:11,668 - RL ABR SERVER 0 - INFO - Rebuffer time 0.0
2020-01-10 23:53:11,669 - RL ABR SERVER 0 - INFO - Retrieve action probability
2020-01-10 23:53:11,671 - RL ABR SERVER 0 - INFO - Quality selected: 5
